2017-06-14 14:08:30,628 [Worker-8] INFO  c.g.t.t.d.PublishedGradleVersions - Gradle version information cache is out-of-date. Trying to update.
2017-06-14 14:25:23,925 [Worker-6] INFO  c.g.t.t.d.PublishedGradleVersions - Gradle version information cache is up-to-date. Trying to read.
2017-06-14 16:42:40,582 [ModalContext] INFO  o.e.m.c.i.e.AbstractTransferListenerAdapter - Downloading https://repo.maven.apache.org/maven2/org/apache/maven/archetypes/maven-archetype-quickstart/1.1/maven-archetype-quickstart-1.1.jar
2017-06-14 16:42:40,972 [ModalContext] INFO  o.e.m.c.i.e.AbstractTransferListenerAdapter - Downloaded https://repo.maven.apache.org/maven2/org/apache/maven/archetypes/maven-archetype-quickstart/1.1/maven-archetype-quickstart-1.1.jar
2017-06-14 16:42:41,283 [ModalContext] INFO  o.e.m.c.i.e.AbstractTransferListenerAdapter - Downloading https://repo.maven.apache.org/maven2/org/apache/maven/archetypes/maven-archetype-quickstart/1.1/maven-archetype-quickstart-1.1.pom
2017-06-14 16:42:41,582 [ModalContext] INFO  o.e.m.c.i.e.AbstractTransferListenerAdapter - Downloaded https://repo.maven.apache.org/maven2/org/apache/maven/archetypes/maven-archetype-quickstart/1.1/maven-archetype-quickstart-1.1.pom
2017-06-14 16:44:21,066 [Worker-29] INFO  o.e.m.c.i.l.LifecycleMappingFactory - Using org.eclipse.m2e.jdt.JarLifecycleMapping lifecycle mapping for MavenProject: group:SpringMaven:0.0.1-SNAPSHOT @ D:\Emids\Spring\SpringMaven\pom.xml.
2017-06-14 16:44:22,032 [Worker-29] INFO  o.e.m.j.i.AbstractJavaProjectConfigurator - Adding source folder /SpringMaven/src/main/java
2017-06-14 16:44:22,033 [Worker-29] INFO  o.e.m.j.i.AbstractJavaProjectConfigurator - Adding resource folder /SpringMaven/src/main/resources
2017-06-14 16:44:22,034 [Worker-29] INFO  o.e.m.j.i.AbstractJavaProjectConfigurator - Adding source folder /SpringMaven/src/test/java
2017-06-14 16:44:22,034 [Worker-29] INFO  o.e.m.j.i.AbstractJavaProjectConfigurator - Adding resource folder /SpringMaven/src/test/resources
2017-06-14 16:44:22,373 [Worker-42] WARN  o.e.m.c.i.embedder.EclipseLogger - Using platform encoding (Cp1252 actually) to copy filtered resources, i.e. build is platform dependent!
2017-06-14 16:44:22,381 [Worker-42] INFO  o.e.m.c.i.embedder.EclipseLogger - Copying 0 resource
2017-06-14 16:44:22,383 [Worker-42] WARN  o.e.m.c.i.embedder.EclipseLogger - Using platform encoding (Cp1252 actually) to copy filtered resources, i.e. build is platform dependent!
2017-06-14 16:44:22,387 [Worker-42] INFO  o.e.m.c.i.embedder.EclipseLogger - Copying 0 resource
2017-06-14 16:45:18,420 [Worker-42] INFO  o.e.m.c.i.l.LifecycleMappingFactory - Using org.eclipse.m2e.jdt.JarLifecycleMapping lifecycle mapping for MavenProject: group:SpringMaven:0.0.1-SNAPSHOT @ D:\Emids\Spring\SpringMaven\pom.xml.
2017-06-14 16:45:19,782 [Worker-42] INFO  o.e.m.c.i.e.AbstractTransferListenerAdapter - Downloading https://repo.maven.apache.org/maven2/org/springframework/spring-context/3.2.18.RELEASE/spring-context-3.2.18.RELEASE.pom
2017-06-14 16:45:20,021 [Worker-42] INFO  o.e.m.c.i.e.AbstractTransferListenerAdapter - Downloaded https://repo.maven.apache.org/maven2/org/springframework/spring-context/3.2.18.RELEASE/spring-context-3.2.18.RELEASE.pom
2017-06-14 16:45:20,274 [Worker-42] INFO  o.e.m.c.i.e.AbstractTransferListenerAdapter - Downloading https://repo.maven.apache.org/maven2/org/springframework/spring-aop/3.2.18.RELEASE/spring-aop-3.2.18.RELEASE.pom
2017-06-14 16:45:20,512 [Worker-42] INFO  o.e.m.c.i.e.AbstractTransferListenerAdapter - Downloaded https://repo.maven.apache.org/maven2/org/springframework/spring-aop/3.2.18.RELEASE/spring-aop-3.2.18.RELEASE.pom
2017-06-14 16:45:20,774 [Worker-42] INFO  o.e.m.c.i.e.AbstractTransferListenerAdapter - Downloading https://repo.maven.apache.org/maven2/org/springframework/spring-beans/3.2.18.RELEASE/spring-beans-3.2.18.RELEASE.pom
2017-06-14 16:45:21,011 [Worker-42] INFO  o.e.m.c.i.e.AbstractTransferListenerAdapter - Downloaded https://repo.maven.apache.org/maven2/org/springframework/spring-beans/3.2.18.RELEASE/spring-beans-3.2.18.RELEASE.pom
2017-06-14 16:45:21,255 [Worker-42] INFO  o.e.m.c.i.e.AbstractTransferListenerAdapter - Downloading https://repo.maven.apache.org/maven2/org/springframework/spring-core/3.2.18.RELEASE/spring-core-3.2.18.RELEASE.pom
2017-06-14 16:45:21,475 [Worker-42] INFO  o.e.m.c.i.e.AbstractTransferListenerAdapter - Downloaded https://repo.maven.apache.org/maven2/org/springframework/spring-core/3.2.18.RELEASE/spring-core-3.2.18.RELEASE.pom
2017-06-14 16:45:21,767 [Worker-42] INFO  o.e.m.c.i.e.AbstractTransferListenerAdapter - Downloading https://repo.maven.apache.org/maven2/org/springframework/spring-expression/3.2.18.RELEASE/spring-expression-3.2.18.RELEASE.pom
2017-06-14 16:45:22,008 [Worker-42] INFO  o.e.m.c.i.e.AbstractTransferListenerAdapter - Downloaded https://repo.maven.apache.org/maven2/org/springframework/spring-expression/3.2.18.RELEASE/spring-expression-3.2.18.RELEASE.pom
2017-06-14 16:45:22,263 [Worker-42] INFO  o.e.m.c.i.e.AbstractTransferListenerAdapter - Downloading https://repo.maven.apache.org/maven2/org/springframework/spring-context/3.2.18.RELEASE/spring-context-3.2.18.RELEASE.jar
2017-06-14 16:45:24,109 [Worker-42] INFO  o.e.m.c.i.e.AbstractTransferListenerAdapter - Downloaded https://repo.maven.apache.org/maven2/org/springframework/spring-context/3.2.18.RELEASE/spring-context-3.2.18.RELEASE.jar
2017-06-14 16:45:24,340 [Worker-42] INFO  o.e.m.c.i.e.AbstractTransferListenerAdapter - Downloading https://repo.maven.apache.org/maven2/org/springframework/spring-aop/3.2.18.RELEASE/spring-aop-3.2.18.RELEASE.jar
2017-06-14 16:45:24,818 [Worker-42] INFO  o.e.m.c.i.e.AbstractTransferListenerAdapter - Downloaded https://repo.maven.apache.org/maven2/org/springframework/spring-aop/3.2.18.RELEASE/spring-aop-3.2.18.RELEASE.jar
2017-06-14 16:45:25,056 [Worker-42] INFO  o.e.m.c.i.e.AbstractTransferListenerAdapter - Downloading https://repo.maven.apache.org/maven2/org/springframework/spring-beans/3.2.18.RELEASE/spring-beans-3.2.18.RELEASE.jar
2017-06-14 16:45:25,801 [Worker-42] INFO  o.e.m.c.i.e.AbstractTransferListenerAdapter - Downloaded https://repo.maven.apache.org/maven2/org/springframework/spring-beans/3.2.18.RELEASE/spring-beans-3.2.18.RELEASE.jar
2017-06-14 16:45:26,044 [Worker-42] INFO  o.e.m.c.i.e.AbstractTransferListenerAdapter - Downloading https://repo.maven.apache.org/maven2/org/springframework/spring-core/3.2.18.RELEASE/spring-core-3.2.18.RELEASE.jar
2017-06-14 16:45:26,965 [Worker-42] INFO  o.e.m.c.i.e.AbstractTransferListenerAdapter - Downloaded https://repo.maven.apache.org/maven2/org/springframework/spring-core/3.2.18.RELEASE/spring-core-3.2.18.RELEASE.jar
2017-06-14 16:45:27,191 [Worker-42] INFO  o.e.m.c.i.e.AbstractTransferListenerAdapter - Downloading https://repo.maven.apache.org/maven2/org/springframework/spring-expression/3.2.18.RELEASE/spring-expression-3.2.18.RELEASE.jar
2017-06-14 16:45:27,482 [Worker-42] INFO  o.e.m.c.i.e.AbstractTransferListenerAdapter - Downloaded https://repo.maven.apache.org/maven2/org/springframework/spring-expression/3.2.18.RELEASE/spring-expression-3.2.18.RELEASE.jar
2017-06-14 16:45:28,643 [Worker-42] WARN  o.e.m.c.i.embedder.EclipseLogger - Using platform encoding (Cp1252 actually) to copy filtered resources, i.e. build is platform dependent!
2017-06-14 16:45:28,645 [Worker-42] INFO  o.e.m.c.i.embedder.EclipseLogger - Copying 0 resource
2017-06-14 16:45:28,650 [Worker-42] WARN  o.e.m.c.i.embedder.EclipseLogger - Using platform encoding (Cp1252 actually) to copy filtered resources, i.e. build is platform dependent!
2017-06-14 16:45:28,650 [Worker-42] INFO  o.e.m.c.i.embedder.EclipseLogger - Copying 0 resource
2017-06-14 16:50:15,602 [Worker-31] INFO  o.e.m.c.i.l.LifecycleMappingFactory - Using org.eclipse.m2e.jdt.JarLifecycleMapping lifecycle mapping for MavenProject: g3:Spring-Test:0.0.1-SNAPSHOT @ D:\Emids\Spring\Spring-Test\pom.xml.
2017-06-14 16:50:15,875 [Worker-31] INFO  o.e.m.j.i.AbstractJavaProjectConfigurator - Adding source folder /Spring-Test/src/main/java
2017-06-14 16:50:15,875 [Worker-31] INFO  o.e.m.j.i.AbstractJavaProjectConfigurator - Adding resource folder /Spring-Test/src/main/resources
2017-06-14 16:50:15,875 [Worker-31] INFO  o.e.m.j.i.AbstractJavaProjectConfigurator - Adding source folder /Spring-Test/src/test/java
2017-06-14 16:50:15,875 [Worker-31] INFO  o.e.m.j.i.AbstractJavaProjectConfigurator - Adding resource folder /Spring-Test/src/test/resources
2017-06-14 16:50:16,122 [Worker-39] WARN  o.e.m.c.i.embedder.EclipseLogger - Using platform encoding (Cp1252 actually) to copy filtered resources, i.e. build is platform dependent!
2017-06-14 16:50:16,123 [Worker-39] INFO  o.e.m.c.i.embedder.EclipseLogger - Copying 0 resource
2017-06-14 16:50:16,126 [Worker-39] WARN  o.e.m.c.i.embedder.EclipseLogger - Using platform encoding (Cp1252 actually) to copy filtered resources, i.e. build is platform dependent!
2017-06-14 16:50:16,127 [Worker-39] INFO  o.e.m.c.i.embedder.EclipseLogger - Copying 0 resource
2017-06-14 16:50:42,867 [Worker-43] INFO  o.e.m.c.i.l.LifecycleMappingFactory - Using org.eclipse.m2e.jdt.JarLifecycleMapping lifecycle mapping for MavenProject: g3:Spring-Test:0.0.1-SNAPSHOT @ D:\Emids\Spring\Spring-Test\pom.xml.
2017-06-14 16:50:43,103 [Worker-43] WARN  o.e.m.c.i.embedder.EclipseLogger - Using platform encoding (Cp1252 actually) to copy filtered resources, i.e. build is platform dependent!
2017-06-14 16:50:43,105 [Worker-43] INFO  o.e.m.c.i.embedder.EclipseLogger - Copying 0 resource
2017-06-14 16:50:43,107 [Worker-43] WARN  o.e.m.c.i.embedder.EclipseLogger - Using platform encoding (Cp1252 actually) to copy filtered resources, i.e. build is platform dependent!
2017-06-14 16:50:43,108 [Worker-43] INFO  o.e.m.c.i.embedder.EclipseLogger - Copying 0 resource
2017-06-14 16:51:54,615 [Worker-42] INFO  o.e.m.c.i.l.LifecycleMappingFactory - Using org.eclipse.m2e.jdt.JarLifecycleMapping lifecycle mapping for MavenProject: g3:Spring-Test:0.0.1-SNAPSHOT @ D:\Emids\Spring\Spring-Test\pom.xml.
2017-06-14 16:51:54,722 [Worker-42] WARN  o.e.m.c.i.embedder.EclipseLogger - Using platform encoding (Cp1252 actually) to copy filtered resources, i.e. build is platform dependent!
2017-06-14 16:51:54,724 [Worker-42] INFO  o.e.m.c.i.embedder.EclipseLogger - Copying 0 resource
2017-06-14 16:51:54,725 [Worker-42] WARN  o.e.m.c.i.embedder.EclipseLogger - Using platform encoding (Cp1252 actually) to copy filtered resources, i.e. build is platform dependent!
2017-06-14 16:51:54,726 [Worker-42] INFO  o.e.m.c.i.embedder.EclipseLogger - Copying 0 resource
2017-06-14 16:52:13,863 [Worker-38] INFO  o.e.m.c.i.l.LifecycleMappingFactory - Using org.eclipse.m2e.jdt.JarLifecycleMapping lifecycle mapping for MavenProject: g3:Spring-Test:0.0.1-SNAPSHOT @ D:\Emids\Spring\Spring-Test\pom.xml.
2017-06-14 16:52:13,997 [Worker-38] WARN  o.e.m.c.i.embedder.EclipseLogger - Using platform encoding (Cp1252 actually) to copy filtered resources, i.e. build is platform dependent!
2017-06-14 16:52:13,998 [Worker-38] INFO  o.e.m.c.i.embedder.EclipseLogger - Copying 0 resource
2017-06-14 16:52:14,000 [Worker-38] WARN  o.e.m.c.i.embedder.EclipseLogger - Using platform encoding (Cp1252 actually) to copy filtered resources, i.e. build is platform dependent!
2017-06-14 16:52:14,001 [Worker-38] INFO  o.e.m.c.i.embedder.EclipseLogger - Copying 0 resource
